2011-07-21 21:09:47,418 ERROR [errorlog] org.apache.xmlbeans.XmlException: error: Unexpected end of file after null
org.apache.xmlbeans.XmlException: error: Unexpected end of file after null
	at org.apache.xmlbeans.impl.store.Locale$SaxLoader.load(Locale.java:3486)
	at org.apache.xmlbeans.impl.store.Locale.parseToXmlObject(Locale.java:1276)
	at org.apache.xmlbeans.impl.store.Locale.parseToXmlObject(Locale.java:1263)
	at org.apache.xmlbeans.impl.schema.SchemaTypeLoaderBase.parse(SchemaTypeLoaderBase.java:345)
	at org.apache.xmlbeans.XmlObject$Factory.parse(XmlObject.java:722)
	at com.eviware.soapui.impl.wsdl.support.wsdl.WsdlLoader.loadXmlObject(WsdlLoader.java:107)
	at com.eviware.soapui.impl.wsdl.support.xsd.SchemaUtils.getDefinitionParts(SchemaUtils.java:519)
	at com.eviware.soapui.impl.wsdl.support.xsd.SchemaUtils.getDefinitionParts(SchemaUtils.java:508)
	at com.eviware.soapui.impl.support.definition.support.AbstractDefinitionCache.update(AbstractDefinitionCache.java:97)
	at com.eviware.soapui.impl.support.definition.support.AbstractDefinitionContext$Loader.construct(AbstractDefinitionContext.java:221)
	at com.eviware.soapui.support.swing.SwingWorkerDelegator.construct(SwingWorkerDelegator.java:46)
	at com.eviware.soapui.support.swing.SwingWorker$2.run(SwingWorker.java:140)
	at java.lang.Thread.run(Thread.java:680)
Caused by: org.xml.sax.SAXParseException: Unexpected end of file after null
	at org.apache.xmlbeans.impl.piccolo.xml.Piccolo.reportFatalError(Piccolo.java:1038)
	at org.apache.xmlbeans.impl.piccolo.xml.Piccolo.parse(Piccolo.java:723)
	at org.apache.xmlbeans.impl.store.Locale$SaxLoader.load(Locale.java:3454)
	... 12 more
2011-07-21 21:09:47,421 ERROR [errorlog] java.lang.Exception: org.apache.xmlbeans.XmlException: error: Unexpected end of file after null
java.lang.Exception: org.apache.xmlbeans.XmlException: error: Unexpected end of file after null
	at com.eviware.soapui.impl.support.definition.support.AbstractDefinitionContext.load(AbstractDefinitionContext.java:157)
	at com.eviware.soapui.impl.wsdl.support.wsdl.WsdlImporter.importWsdl(WsdlImporter.java:86)
	at com.eviware.soapui.impl.WsdlInterfaceFactory.importWsdl(WsdlInterfaceFactory.java:74)
	at com.eviware.soapui.impl.WsdlInterfaceFactory.importWsdl(WsdlInterfaceFactory.java:56)
	at br.usp.ime.choreos.vv.WSClient.<init>(WSClient.java:65)
	at eu.choreos.roles.SupermarketImplementationTest.futureMartShouldPlayTheSupermarketRole(SupermarketImplementationTest.java:28)
	at sun.reflect.NativeMethodAccessorImpl.invoke0(Native Method)
	at sun.reflect.NativeMethodAccessorImpl.invoke(NativeMethodAccessorImpl.java:39)
	at sun.reflect.DelegatingMethodAccessorImpl.invoke(DelegatingMethodAccessorImpl.java:25)
	at java.lang.reflect.Method.invoke(Method.java:597)
	at org.junit.runners.model.FrameworkMethod$1.runReflectiveCall(FrameworkMethod.java:44)
	at org.junit.internal.runners.model.ReflectiveCallable.run(ReflectiveCallable.java:15)
	at org.junit.runners.model.FrameworkMethod.invokeExplosively(FrameworkMethod.java:41)
	at org.junit.internal.runners.statements.InvokeMethod.evaluate(InvokeMethod.java:20)
	at org.junit.runners.BlockJUnit4ClassRunner.runNotIgnored(BlockJUnit4ClassRunner.java:79)
	at org.junit.runners.BlockJUnit4ClassRunner.runChild(BlockJUnit4ClassRunner.java:71)
	at org.junit.runners.BlockJUnit4ClassRunner.runChild(BlockJUnit4ClassRunner.java:49)
	at org.junit.runners.ParentRunner$3.run(ParentRunner.java:193)
	at org.junit.runners.ParentRunner$1.schedule(ParentRunner.java:52)
	at org.junit.runners.ParentRunner.runChildren(ParentRunner.java:191)
	at org.junit.runners.ParentRunner.access$000(ParentRunner.java:42)
	at org.junit.runners.ParentRunner$2.evaluate(ParentRunner.java:184)
	at org.junit.internal.runners.statements.RunBefores.evaluate(RunBefores.java:28)
	at org.junit.internal.runners.statements.RunAfters.evaluate(RunAfters.java:31)
	at org.junit.runners.ParentRunner.run(ParentRunner.java:236)
	at org.eclipse.jdt.internal.junit4.runner.JUnit4TestReference.run(JUnit4TestReference.java:50)
	at org.eclipse.jdt.internal.junit.runner.TestExecution.run(TestExecution.java:38)
	at org.eclipse.jdt.internal.junit.runner.RemoteTestRunner.runTests(RemoteTestRunner.java:467)
	at org.eclipse.jdt.internal.junit.runner.RemoteTestRunner.runTests(RemoteTestRunner.java:683)
	at org.eclipse.jdt.internal.junit.runner.RemoteTestRunner.run(RemoteTestRunner.java:390)
	at org.eclipse.jdt.internal.junit.runner.RemoteTestRunner.main(RemoteTestRunner.java:197)
Caused by: org.apache.xmlbeans.XmlException: error: Unexpected end of file after null
	at org.apache.xmlbeans.impl.store.Locale$SaxLoader.load(Locale.java:3486)
	at org.apache.xmlbeans.impl.store.Locale.parseToXmlObject(Locale.java:1276)
	at org.apache.xmlbeans.impl.store.Locale.parseToXmlObject(Locale.java:1263)
	at org.apache.xmlbeans.impl.schema.SchemaTypeLoaderBase.parse(SchemaTypeLoaderBase.java:345)
	at org.apache.xmlbeans.XmlObject$Factory.parse(XmlObject.java:722)
	at com.eviware.soapui.impl.wsdl.support.wsdl.WsdlLoader.loadXmlObject(WsdlLoader.java:107)
	at com.eviware.soapui.impl.wsdl.support.xsd.SchemaUtils.getDefinitionParts(SchemaUtils.java:519)
	at com.eviware.soapui.impl.wsdl.support.xsd.SchemaUtils.getDefinitionParts(SchemaUtils.java:508)
	at com.eviware.soapui.impl.support.definition.support.AbstractDefinitionCache.update(AbstractDefinitionCache.java:97)
	at com.eviware.soapui.impl.support.definition.support.AbstractDefinitionContext$Loader.construct(AbstractDefinitionContext.java:221)
	at com.eviware.soapui.support.swing.SwingWorkerDelegator.construct(SwingWorkerDelegator.java:46)
	at com.eviware.soapui.support.swing.SwingWorker$2.run(SwingWorker.java:140)
	at java.lang.Thread.run(Thread.java:680)
Caused by: org.xml.sax.SAXParseException: Unexpected end of file after null
	at org.apache.xmlbeans.impl.piccolo.xml.Piccolo.reportFatalError(Piccolo.java:1038)
	at org.apache.xmlbeans.impl.piccolo.xml.Piccolo.parse(Piccolo.java:723)
	at org.apache.xmlbeans.impl.store.Locale$SaxLoader.load(Locale.java:3454)
	... 12 more
2011-07-22 01:30:40,544 ERROR [errorlog] javax.wsdl.WSDLException: WSDLException (at /error): faultCode=INVALID_WSDL: Expected element '{http://schemas.xmlsoap.org/wsdl/}definitions'.
javax.wsdl.WSDLException: WSDLException (at /error): faultCode=INVALID_WSDL: Expected element '{http://schemas.xmlsoap.org/wsdl/}definitions'.
	at com.ibm.wsdl.xml.WSDLReaderImpl.checkElementName(Unknown Source)
	at com.ibm.wsdl.xml.WSDLReaderImpl.parseDefinitions(Unknown Source)
	at com.ibm.wsdl.xml.WSDLReaderImpl.readWSDL(Unknown Source)
	at com.ibm.wsdl.xml.WSDLReaderImpl.readWSDL(Unknown Source)
	at com.ibm.wsdl.xml.WSDLReaderImpl.readWSDL(Unknown Source)
	at com.ibm.wsdl.xml.WSDLReaderImpl.readWSDL(Unknown Source)
	at com.ibm.wsdl.xml.WSDLReaderImpl.readWSDL(Unknown Source)
	at com.eviware.soapui.impl.wsdl.support.wsdl.WsdlInterfaceDefinition.load(WsdlInterfaceDefinition.java:48)
	at com.eviware.soapui.impl.wsdl.support.wsdl.WsdlContext.loadDefinition(WsdlContext.java:66)
	at com.eviware.soapui.impl.wsdl.support.wsdl.WsdlContext.loadDefinition(WsdlContext.java:30)
	at com.eviware.soapui.impl.support.definition.support.AbstractDefinitionContext.cacheDefinition(AbstractDefinitionContext.java:264)
	at com.eviware.soapui.impl.support.definition.support.AbstractDefinitionContext.access$400(AbstractDefinitionContext.java:44)
	at com.eviware.soapui.impl.support.definition.support.AbstractDefinitionContext$Loader.construct(AbstractDefinitionContext.java:230)
	at com.eviware.soapui.support.swing.SwingWorkerDelegator.construct(SwingWorkerDelegator.java:46)
	at com.eviware.soapui.support.swing.SwingWorker$2.run(SwingWorker.java:140)
	at java.lang.Thread.run(Thread.java:680)
2011-07-22 01:30:40,545 ERROR [errorlog] java.lang.Exception: javax.wsdl.WSDLException: WSDLException (at /error): faultCode=INVALID_WSDL: Expected element '{http://schemas.xmlsoap.org/wsdl/}definitions'.
java.lang.Exception: javax.wsdl.WSDLException: WSDLException (at /error): faultCode=INVALID_WSDL: Expected element '{http://schemas.xmlsoap.org/wsdl/}definitions'.
	at com.eviware.soapui.impl.support.definition.support.AbstractDefinitionContext.load(AbstractDefinitionContext.java:157)
	at com.eviware.soapui.impl.wsdl.support.wsdl.WsdlImporter.importWsdl(WsdlImporter.java:86)
	at com.eviware.soapui.impl.WsdlInterfaceFactory.importWsdl(WsdlInterfaceFactory.java:74)
	at com.eviware.soapui.impl.WsdlInterfaceFactory.importWsdl(WsdlInterfaceFactory.java:56)
	at br.usp.ime.choreos.vv.WSClient.<init>(WSClient.java:65)
	at eu.choreos.roles.SupermarketImplementationTest.futureMartShouldPlayTheSupermarketRole(SupermarketImplementationTest.java:28)
	at sun.reflect.NativeMethodAccessorImpl.invoke0(Native Method)
	at sun.reflect.NativeMethodAccessorImpl.invoke(NativeMethodAccessorImpl.java:39)
	at sun.reflect.DelegatingMethodAccessorImpl.invoke(DelegatingMethodAccessorImpl.java:25)
	at java.lang.reflect.Method.invoke(Method.java:597)
	at org.junit.runners.model.FrameworkMethod$1.runReflectiveCall(FrameworkMethod.java:44)
	at org.junit.internal.runners.model.ReflectiveCallable.run(ReflectiveCallable.java:15)
	at org.junit.runners.model.FrameworkMethod.invokeExplosively(FrameworkMethod.java:41)
	at org.junit.internal.runners.statements.InvokeMethod.evaluate(InvokeMethod.java:20)
	at org.junit.runners.BlockJUnit4ClassRunner.runNotIgnored(BlockJUnit4ClassRunner.java:79)
	at org.junit.runners.BlockJUnit4ClassRunner.runChild(BlockJUnit4ClassRunner.java:71)
	at org.junit.runners.BlockJUnit4ClassRunner.runChild(BlockJUnit4ClassRunner.java:49)
	at org.junit.runners.ParentRunner$3.run(ParentRunner.java:193)
	at org.junit.runners.ParentRunner$1.schedule(ParentRunner.java:52)
	at org.junit.runners.ParentRunner.runChildren(ParentRunner.java:191)
	at org.junit.runners.ParentRunner.access$000(ParentRunner.java:42)
	at org.junit.runners.ParentRunner$2.evaluate(ParentRunner.java:184)
	at org.junit.internal.runners.statements.RunBefores.evaluate(RunBefores.java:28)
	at org.junit.internal.runners.statements.RunAfters.evaluate(RunAfters.java:31)
	at org.junit.runners.ParentRunner.run(ParentRunner.java:236)
	at org.eclipse.jdt.internal.junit4.runner.JUnit4TestReference.run(JUnit4TestReference.java:50)
	at org.eclipse.jdt.internal.junit.runner.TestExecution.run(TestExecution.java:38)
	at org.eclipse.jdt.internal.junit.runner.RemoteTestRunner.runTests(RemoteTestRunner.java:467)
	at org.eclipse.jdt.internal.junit.runner.RemoteTestRunner.runTests(RemoteTestRunner.java:683)
	at org.eclipse.jdt.internal.junit.runner.RemoteTestRunner.run(RemoteTestRunner.java:390)
	at org.eclipse.jdt.internal.junit.runner.RemoteTestRunner.main(RemoteTestRunner.java:197)
Caused by: javax.wsdl.WSDLException: WSDLException (at /error): faultCode=INVALID_WSDL: Expected element '{http://schemas.xmlsoap.org/wsdl/}definitions'.
	at com.ibm.wsdl.xml.WSDLReaderImpl.checkElementName(Unknown Source)
	at com.ibm.wsdl.xml.WSDLReaderImpl.parseDefinitions(Unknown Source)
	at com.ibm.wsdl.xml.WSDLReaderImpl.readWSDL(Unknown Source)
	at com.ibm.wsdl.xml.WSDLReaderImpl.readWSDL(Unknown Source)
	at com.ibm.wsdl.xml.WSDLReaderImpl.readWSDL(Unknown Source)
	at com.ibm.wsdl.xml.WSDLReaderImpl.readWSDL(Unknown Source)
	at com.ibm.wsdl.xml.WSDLReaderImpl.readWSDL(Unknown Source)
	at com.eviware.soapui.impl.wsdl.support.wsdl.WsdlInterfaceDefinition.load(WsdlInterfaceDefinition.java:48)
	at com.eviware.soapui.impl.wsdl.support.wsdl.WsdlContext.loadDefinition(WsdlContext.java:66)
	at com.eviware.soapui.impl.wsdl.support.wsdl.WsdlContext.loadDefinition(WsdlContext.java:30)
	at com.eviware.soapui.impl.support.definition.support.AbstractDefinitionContext.cacheDefinition(AbstractDefinitionContext.java:264)
	at com.eviware.soapui.impl.support.definition.support.AbstractDefinitionContext.access$400(AbstractDefinitionContext.java:44)
	at com.eviware.soapui.impl.support.definition.support.AbstractDefinitionContext$Loader.construct(AbstractDefinitionContext.java:230)
	at com.eviware.soapui.support.swing.SwingWorkerDelegator.construct(SwingWorkerDelegator.java:46)
	at com.eviware.soapui.support.swing.SwingWorker$2.run(SwingWorker.java:140)
	at java.lang.Thread.run(Thread.java:680)
